<?xml version="1.0" encoding="UTF-8"?>
<!-- Generated by org.testng.reporters.JUnitReportReporter -->
<testsuite hostname="LAPTOP-MB7DGVQG" failures="0" tests="1" name="com.stc.SLDec24Last.SearchTest" time="4.329" errors="0" timestamp="2024-12-30T17:44:24 IST" skipped="0">
  <testcase classname="com.stc.SLDec24Last.SearchTest" name="f" time="4.329"/>
</testsuite> <!-- com.stc.SLDec24Last.SearchTest -->
